<?xml version="1.0" encoding="UTF-8"?>
<!-- Generated by org.testng.reporters.JUnitReportReporter -->
<testsuite hostname="LAPTOP-733KQGVP" failures="0" tests="1" name="two.Story_03_Test2" time="48.583" errors="0" timestamp="2021-07-22T14:56:26 UYT" skipped="0">
  <testcase classname="two.Story_03_Test2" name="Story01" time="48.583"/>
  <system-out/>
</testsuite> <!-- two.Story_03_Test2 -->
