<?xml version="1.0" encoding="UTF-8"?>
<!-- Generated by org.testng.reporters.JUnitReportReporter -->
<testsuite hostname="LAPTOP-733KQGVP" failures="0" tests="1" name="Excersise.Two.Story_01_Test" time="51.366" errors="0" timestamp="2021-07-13T10:58:14 UYT" skipped="0">
  <testcase classname="Excersise.Two.Story_01_Test" name="Story01" time="51.366"/>
  <system-out/>
</testsuite> <!-- Excersise.Two.Story_01_Test -->
