<?xml version="1.0" encoding="UTF-8"?>
<!-- Generated by org.testng.reporters.JUnitReportReporter -->
<testsuite hostname="LAPTOP-733KQGVP" failures="0" tests="5" name="two.Try" time="0.014" errors="0" timestamp="2021-07-21T12:27:42 UYT" skipped="4">
  <testcase classname="two.Try" name="calendar" time="0.014"/>
  <system-out/>
  <testcase classname="two.Try" name="tryingOther">
    <skipped/>
  </testcase> <!-- tryingOther -->
  <system-out/>
  <testcase classname="two.Try" name="trying">
    <skipped/>
  </testcase> <!-- trying -->
  <system-out/>
  <testcase classname="two.Try" name="lists">
    <skipped/>
  </testcase> <!-- lists -->
  <system-out/>
  <testcase classname="two.Try" name="trying0">
    <skipped/>
  </testcase> <!-- trying0 -->
  <system-out/>
</testsuite> <!-- two.Try -->
