<?xml version="1.0" encoding="UTF-8"?>
<!-- Generated by org.testng.reporters.JUnitReportReporter -->
<testsuite hostname="LAPTOP-733KQGVP" failures="0" tests="2" name="testCases.Headers_Test" time="62.977" errors="0" timestamp="2021-07-28T14:28:10 UYT" skipped="1">
  <testcase classname="testCases.Headers_Test" name="Story01_Test1" time="62.977"/>
  <system-out/>
  <testcase classname="testCases.Headers_Test" name="Story02_Test1">
    <skipped/>
  </testcase> <!-- Story02_Test1 -->
  <system-out/>
</testsuite> <!-- testCases.Headers_Test -->
